mode: set
github.com/mastererik/translator/internal/common/config.go:99.34,100.24 1 1
github.com/mastererik/translator/internal/common/config.go:100.24,102.3 1 1
github.com/mastererik/translator/internal/common/config.go:103.2,103.25 1 1
github.com/mastererik/translator/internal/common/config.go:103.25,105.3 1 1
github.com/mastererik/translator/internal/common/config.go:106.2,106.24 1 1
github.com/mastererik/translator/internal/common/config.go:106.24,108.3 1 1
github.com/mastererik/translator/internal/common/config.go:109.2,109.28 1 1
github.com/mastererik/translator/internal/common/config.go:109.28,111.3 1 1
github.com/mastererik/translator/internal/common/config.go:112.2,112.20 1 1
github.com/mastererik/translator/internal/common/config.go:112.20,114.3 1 1
github.com/mastererik/translator/internal/common/config.go:115.2,115.28 1 1
github.com/mastererik/translator/internal/common/config.go:115.28,117.3 1 1
github.com/mastererik/translator/internal/common/config.go:118.2,118.26 1 1
github.com/mastererik/translator/internal/common/config.go:118.26,120.3 1 1
github.com/mastererik/translator/internal/common/config.go:121.2,121.23 1 1
github.com/mastererik/translator/internal/common/config.go:121.23,123.3 1 1
github.com/mastererik/translator/internal/common/config.go:124.2,124.25 1 1
github.com/mastererik/translator/internal/common/config.go:124.25,126.3 1 1
github.com/mastererik/translator/internal/common/config.go:127.2,127.26 1 1
github.com/mastererik/translator/internal/common/config.go:127.26,129.3 1 1
github.com/mastererik/translator/internal/common/config.go:130.2,130.28 1 1
github.com/mastererik/translator/internal/common/config.go:130.28,132.3 1 1
github.com/mastererik/translator/internal/common/config.go:137.32,142.47 3 1
github.com/mastererik/translator/internal/common/config.go:142.47,144.3 1 1
github.com/mastererik/translator/internal/common/config.go:145.2,145.47 1 1
github.com/mastererik/translator/internal/common/config.go:145.47,147.3 1 1
github.com/mastererik/translator/internal/common/config.go:148.2,148.45 1 1
github.com/mastererik/translator/internal/common/config.go:148.45,150.3 1 1
github.com/mastererik/translator/internal/common/config.go:151.2,151.44 1 1
github.com/mastererik/translator/internal/common/config.go:151.44,153.3 1 1
github.com/mastererik/translator/internal/common/config.go:155.2,155.23 1 1
github.com/mastererik/translator/internal/common/config.go:155.23,157.3 1 1
github.com/mastererik/translator/internal/common/config.go:158.2,158.45 1 1
github.com/mastererik/translator/internal/common/config.go:158.45,160.3 1 1
github.com/mastererik/translator/internal/common/config.go:161.2,161.44 1 1
github.com/mastererik/translator/internal/common/config.go:161.44,163.3 1 1
github.com/mastererik/translator/internal/common/config.go:164.2,164.48 1 1
github.com/mastererik/translator/internal/common/config.go:164.48,166.3 1 1
github.com/mastererik/translator/internal/common/config.go:167.2,167.40 1 1
github.com/mastererik/translator/internal/common/config.go:167.40,169.3 1 0
github.com/mastererik/translator/internal/common/config.go:170.2,170.50 1 1
github.com/mastererik/translator/internal/common/config.go:170.50,171.44 1 1
github.com/mastererik/translator/internal/common/config.go:171.44,173.4 1 1
github.com/mastererik/translator/internal/common/config.go:175.2,175.47 1 1
github.com/mastererik/translator/internal/common/config.go:175.47,176.44 1 0
github.com/mastererik/translator/internal/common/config.go:176.44,178.4 1 0
github.com/mastererik/translator/internal/common/config.go:180.2,180.44 1 1
github.com/mastererik/translator/internal/common/config.go:180.44,181.44 1 0
github.com/mastererik/translator/internal/common/config.go:181.44,183.4 1 0
github.com/mastererik/translator/internal/common/config.go:185.2,185.43 1 1
github.com/mastererik/translator/internal/common/config.go:185.43,187.3 1 1
github.com/mastererik/translator/internal/common/config.go:188.2,188.48 1 1
github.com/mastererik/translator/internal/common/config.go:188.48,190.3 1 0
github.com/mastererik/translator/internal/common/config.go:191.2,191.43 1 1
github.com/mastererik/translator/internal/common/config.go:191.43,193.3 1 0
github.com/mastererik/translator/internal/common/config.go:194.2,194.43 1 1
github.com/mastererik/translator/internal/common/config.go:194.43,196.3 1 1
github.com/mastererik/translator/internal/common/config.go:197.2,197.47 1 1
github.com/mastererik/translator/internal/common/config.go:197.47,198.44 1 0
github.com/mastererik/translator/internal/common/config.go:198.44,200.4 1 0
github.com/mastererik/translator/internal/common/config.go:202.2,202.46 1 1
github.com/mastererik/translator/internal/common/config.go:202.46,203.44 1 0
github.com/mastererik/translator/internal/common/config.go:203.44,205.4 1 0
github.com/mastererik/translator/internal/common/config.go:207.2,207.47 1 1
github.com/mastererik/translator/internal/common/config.go:207.47,208.44 1 0
github.com/mastererik/translator/internal/common/config.go:208.44,210.4 1 0
github.com/mastererik/translator/internal/common/config.go:212.2,212.50 1 1
github.com/mastererik/translator/internal/common/config.go:212.50,213.44 1 0
github.com/mastererik/translator/internal/common/config.go:213.44,215.4 1 0
github.com/mastererik/translator/internal/common/config.go:220.30,221.11 1 1
github.com/mastererik/translator/internal/common/config.go:222.56,223.14 1 1
github.com/mastererik/translator/internal/common/config.go:224.10,225.15 1 1
github.com/mastererik/translator/internal/common/config.go:237.27,242.2 4 1
github.com/mastererik/translator/internal/common/config.go:254.55,259.16 4 1
github.com/mastererik/translator/internal/common/config.go:259.16,261.3 1 1
github.com/mastererik/translator/internal/common/config.go:263.2,263.50 1 1
github.com/mastererik/translator/internal/common/config.go:263.50,265.3 1 0
github.com/mastererik/translator/internal/common/config.go:268.2,273.17 3 1
github.com/mastererik/translator/internal/logger/audio.go:42.64,45.16 3 1
github.com/mastererik/translator/internal/logger/audio.go:45.16,47.3 1 0
github.com/mastererik/translator/internal/logger/audio.go:49.2,50.16 2 1
github.com/mastererik/translator/internal/logger/audio.go:50.16,54.3 3 0
github.com/mastererik/translator/internal/logger/audio.go:56.2,62.46 6 1
github.com/mastererik/translator/internal/logger/audio.go:66.47,68.24 2 1
github.com/mastererik/translator/internal/logger/audio.go:68.24,70.3 1 1
github.com/mastererik/translator/internal/logger/audio.go:71.2,72.12 2 1
github.com/mastererik/translator/internal/logger/audio.go:77.36,78.41 1 1
github.com/mastererik/translator/internal/logger/audio.go:78.41,81.3 2 0
github.com/mastererik/translator/internal/logger/audio.go:82.2,82.23 1 1
github.com/mastererik/translator/internal/logger/audio.go:87.55,92.2 1 0
github.com/mastererik/translator/internal/logger/audio.go:95.47,98.2 2 0
github.com/mastererik/translator/internal/logger/audio.go:102.36,105.16 3 0
github.com/mastererik/translator/internal/logger/audio.go:105.16,107.3 1 0
github.com/mastererik/translator/internal/logger/audio.go:108.2,117.40 4 0
github.com/mastererik/translator/internal/logger/audio.go:126.69,127.25 1 0
github.com/mastererik/translator/internal/logger/audio.go:127.25,128.27 1 0
github.com/mastererik/translator/internal/logger/audio.go:128.27,130.4 1 0
github.com/mastererik/translator/internal/logger/audio.go:131.3,133.6 3 0
github.com/mastererik/translator/internal/logger/audio.go:135.2,135.16 1 0
github.com/mastererik/translator/internal/logger/audio.go:139.35,139.49 1 0
github.com/mastererik/translator/internal/logger/audio.go:144.58,146.16 2 1
github.com/mastererik/translator/internal/logger/audio.go:146.16,150.3 2 0
github.com/mastererik/translator/internal/logger/audio.go:151.2,151.12 1 1
github.com/mastererik/translator/internal/logger/nop.go:12.46,14.2 1 0
github.com/mastererik/translator/internal/logger/nop.go:16.65,16.79 1 0
github.com/mastererik/translator/internal/logger/nop.go:17.110,19.2 1 0
github.com/mastererik/translator/internal/logger/nop.go:20.79,20.93 1 0
github.com/mastererik/translator/internal/logger/nop.go:21.79,21.93 1 0
github.com/mastererik/translator/internal/logger/nop.go:22.79,22.93 1 0
github.com/mastererik/translator/internal/logger/session.go:52.86,53.50 1 1
github.com/mastererik/translator/internal/logger/session.go:53.50,55.3 1 0
github.com/mastererik/translator/internal/logger/session.go:56.2,59.16 4 1
github.com/mastererik/translator/internal/logger/session.go:59.16,61.3 1 0
github.com/mastererik/translator/internal/logger/session.go:62.2,73.17 7 1
github.com/mastererik/translator/internal/logger/session.go:76.64,79.16 3 1
github.com/mastererik/translator/internal/logger/session.go:79.16,81.3 1 1
github.com/mastererik/translator/internal/logger/session.go:82.2,82.54 1 1
github.com/mastererik/translator/internal/logger/session.go:85.96,88.16 3 1
github.com/mastererik/translator/internal/logger/session.go:88.16,90.3 1 0
github.com/mastererik/translator/internal/logger/session.go:91.2,91.92 1 1
github.com/mastererik/translator/internal/logger/session.go:94.74,95.20 1 1
github.com/mastererik/translator/internal/logger/session.go:95.20,97.3 1 1
github.com/mastererik/translator/internal/logger/session.go:98.2,100.16 3 1
github.com/mastererik/translator/internal/logger/session.go:100.16,102.3 1 1
github.com/mastererik/translator/internal/logger/session.go:103.2,103.59 1 1
github.com/mastererik/translator/internal/logger/session.go:106.58,109.16 3 1
github.com/mastererik/translator/internal/logger/session.go:109.16,111.3 1 0
github.com/mastererik/translator/internal/logger/session.go:112.2,112.60 1 1
github.com/mastererik/translator/internal/logger/session.go:115.45,117.16 2 1
github.com/mastererik/translator/internal/logger/session.go:117.16,120.3 2 1
github.com/mastererik/translator/internal/logger/session.go:121.2,127.23 5 1
github.com/mastererik/translator/internal/logger/session.go:127.23,129.3 1 1
github.com/mastererik/translator/internal/logger/session.go:130.2,130.21 1 1
github.com/mastererik/translator/internal/logger/session.go:130.21,132.3 1 1
github.com/mastererik/translator/internal/logger/session.go:133.2,133.25 1 1
github.com/mastererik/translator/internal/logger/session.go:133.25,135.3 1 1
github.com/mastererik/translator/internal/logger/session.go:136.2,137.12 2 1
github.com/mastererik/translator/internal/logger/session.go:140.54,141.9 1 1
github.com/mastererik/translator/internal/logger/session.go:142.26,143.13 1 1
github.com/mastererik/translator/internal/logger/session.go:144.10,145.69 1 1
github.com/mastererik/translator/internal/logger/session.go:149.50,151.31 2 1
github.com/mastererik/translator/internal/logger/session.go:151.31,152.24 1 1
github.com/mastererik/translator/internal/logger/session.go:153.15,154.124 1 1
github.com/mastererik/translator/internal/logger/session.go:155.22,156.165 1 1
github.com/mastererik/translator/internal/logger/session.go:157.16,158.112 1 1
github.com/mastererik/translator/internal/logger/session.go:159.16,160.33 1 1
github.com/mastererik/translator/internal/logger/session.go:160.33,161.13 1 1
github.com/mastererik/translator/internal/logger/session.go:163.4,163.27 1 1
github.com/mastererik/translator/internal/logger/session.go:163.27,165.5 1 1
github.com/mastererik/translator/internal/logger/session.go:166.4,166.49 1 1
github.com/mastererik/translator/internal/logger/session.go:171.27,172.17 1 1
github.com/mastererik/translator/internal/logger/session.go:172.17,174.3 1 1
github.com/mastererik/translator/internal/logger/session.go:175.2,175.12 1 0
github.com/mastererik/translator/internal/logger/session.go:177.32,177.78 1 1
github.com/mastererik/translator/internal/logger/session.go:178.39,181.19 3 1
github.com/mastererik/translator/internal/logger/session.go:181.19,183.3 1 1
github.com/mastererik/translator/internal/logger/session.go:184.2,184.10 1 1
github.com/mastererik/translator/internal/logger/session.go:189.56,190.20 1 1
github.com/mastererik/translator/internal/logger/session.go:190.20,193.38 3 1
github.com/mastererik/translator/internal/logger/session.go:193.38,195.4 1 1
github.com/mastererik/translator/internal/logger/session.go:196.3,196.24 1 1
github.com/mastererik/translator/internal/logger/session.go:198.2,198.21 1 1
github.com/mastererik/translator/internal/logger/session.go:198.21,201.3 2 1
github.com/mastererik/translator/internal/logger/session.go:203.2,205.39 3 0
github.com/mastererik/translator/internal/logger/session.go:205.39,208.3 2 0
github.com/mastererik/translator/internal/logger/session.go:209.2,209.13 1 0
github.com/mastererik/translator/internal/logger/session.go:213.33,214.37 1 1
github.com/mastererik/translator/internal/logger/session.go:214.37,216.50 2 1
github.com/mastererik/translator/internal/logger/session.go:216.50,218.4 1 1
github.com/mastererik/translator/internal/logger/session.go:220.2,220.14 1 1
github.com/mastererik/translator/internal/capture/capture.go:26.48,27.30 1 0
github.com/mastererik/translator/internal/capture/capture.go:27.30,29.3 1 0
github.com/mastererik/translator/internal/capture/capture.go:30.2,30.33 1 0
github.com/mastererik/translator/internal/capture/capture.go:36.84,41.82 4 0
github.com/mastererik/translator/internal/capture/capture.go:41.83,41.84 0 0
github.com/mastererik/translator/internal/capture/capture.go:42.2,42.16 1 0
github.com/mastererik/translator/internal/capture/capture.go:42.16,44.3 1 0
github.com/mastererik/translator/internal/capture/capture.go:46.2,49.57 3 0
github.com/mastererik/translator/internal/capture/capture.go:49.57,53.3 3 0
github.com/mastererik/translator/internal/capture/capture.go:55.2,55.47 1 0
github.com/mastererik/translator/internal/capture/capture.go:55.47,60.3 4 0
github.com/mastererik/translator/internal/capture/capture.go:62.2,62.31 1 0
github.com/mastererik/translator/internal/capture/capture.go:66.76,68.16 2 0
github.com/mastererik/translator/internal/capture/capture.go:68.16,70.3 1 0
github.com/mastererik/translator/internal/capture/capture.go:72.2,78.21 6 0
github.com/mastererik/translator/internal/capture/capture.go:78.21,80.3 1 0
github.com/mastererik/translator/internal/capture/capture.go:82.2,87.16 3 0
github.com/mastererik/translator/internal/capture/capture.go:87.16,89.3 1 0
github.com/mastererik/translator/internal/capture/capture.go:91.2,91.39 1 0
github.com/mastererik/translator/internal/capture/capture.go:91.39,94.3 2 0
github.com/mastererik/translator/internal/capture/capture.go:96.2,98.12 3 0
github.com/mastererik/translator/internal/capture/capture.go:102.71,104.16 2 0
github.com/mastererik/translator/internal/capture/capture.go:104.16,106.3 1 0
github.com/mastererik/translator/internal/capture/capture.go:108.2,114.21 6 0
github.com/mastererik/translator/internal/capture/capture.go:114.21,116.3 1 0
github.com/mastererik/translator/internal/capture/capture.go:118.2,123.16 3 0
github.com/mastererik/translator/internal/capture/capture.go:123.16,125.3 1 0
github.com/mastererik/translator/internal/capture/capture.go:127.2,127.39 1 0
github.com/mastererik/translator/internal/capture/capture.go:127.39,130.3 2 0
github.com/mastererik/translator/internal/capture/capture.go:132.2,134.12 3 0
github.com/mastererik/translator/internal/capture/capture.go:138.91,139.16 1 0
github.com/mastererik/translator/internal/capture/capture.go:139.16,141.3 1 0
github.com/mastererik/translator/internal/capture/capture.go:143.2,144.16 2 0
github.com/mastererik/translator/internal/capture/capture.go:144.16,146.3 1 0
github.com/mastererik/translator/internal/capture/capture.go:148.2,148.25 1 0
github.com/mastererik/translator/internal/capture/capture.go:148.25,149.32 1 0
github.com/mastererik/translator/internal/capture/capture.go:149.32,151.4 1 0
github.com/mastererik/translator/internal/capture/capture.go:154.2,154.53 1 0
github.com/mastererik/translator/internal/capture/capture.go:159.96,160.55 1 0
github.com/mastererik/translator/internal/capture/capture.go:160.55,161.22 1 0
github.com/mastererik/translator/internal/capture/capture.go:161.22,163.4 1 0
github.com/mastererik/translator/internal/capture/capture.go:165.3,166.17 2 0
github.com/mastererik/translator/internal/capture/capture.go:166.17,168.4 1 0
github.com/mastererik/translator/internal/capture/capture.go:170.3,170.10 1 0
github.com/mastererik/translator/internal/capture/capture.go:171.24,171.24 0 0
github.com/mastererik/translator/internal/capture/capture.go:172.11,172.11 0 0
github.com/mastererik/translator/internal/capture/capture.go:178.107,186.6 5 0
github.com/mastererik/translator/internal/capture/capture.go:186.6,187.10 1 0
github.com/mastererik/translator/internal/capture/capture.go:188.13,188.13 0 0
github.com/mastererik/translator/internal/capture/capture.go:189.11,191.10 2 0
github.com/mastererik/translator/internal/capture/device_list.go:13.46,15.2 1 0
github.com/mastererik/translator/internal/capture/device_list.go:18.45,20.2 1 0
github.com/mastererik/translator/internal/capture/device_list.go:23.52,27.16 3 0
github.com/mastererik/translator/internal/capture/device_list.go:27.16,29.3 1 0
github.com/mastererik/translator/internal/capture/device_list.go:30.2,33.16 3 0
github.com/mastererik/translator/internal/capture/device_list.go:33.16,35.3 1 0
github.com/mastererik/translator/internal/capture/device_list.go:36.2,38.20 2 0
github.com/mastererik/translator/internal/capture/device_list.go:42.63,43.16 1 0
github.com/mastererik/translator/internal/capture/device_list.go:43.16,45.3 1 0
github.com/mastererik/translator/internal/capture/device_list.go:47.2,48.16 2 0
github.com/mastererik/translator/internal/capture/device_list.go:48.16,50.3 1 0
github.com/mastererik/translator/internal/capture/device_list.go:52.2,52.28 1 0
github.com/mastererik/translator/internal/capture/device_list.go:52.28,53.16 1 0
github.com/mastererik/translator/internal/capture/device_list.go:53.16,55.4 1 0
github.com/mastererik/translator/internal/capture/device_list.go:58.2,59.59 1 0
github.com/mastererik/translator/internal/capture/device_list.go:62.59,63.73 1 0
github.com/mastererik/translator/internal/capture/device_list.go:63.74,63.75 0 0
github.com/mastererik/translator/internal/capture/device_list.go:64.2,64.16 1 0
github.com/mastererik/translator/internal/capture/device_list.go:64.16,66.3 1 0
github.com/mastererik/translator/internal/capture/device_list.go:67.2,67.15 1 0
github.com/mastererik/translator/internal/capture/device_list.go:67.15,70.3 2 0
github.com/mastererik/translator/internal/capture/device_list.go:72.2,73.16 2 0
github.com/mastererik/translator/internal/capture/device_list.go:73.16,75.3 1 0
github.com/mastererik/translator/internal/capture/device_list.go:77.2,78.28 2 0
github.com/mastererik/translator/internal/capture/device_list.go:78.28,80.3 1 0
github.com/mastererik/translator/internal/capture/device_list.go:81.2,81.19 1 0
github.com/mastererik/translator/internal/capture/device_list.go:84.51,85.14 1 0
github.com/mastererik/translator/internal/capture/device_list.go:86.22,87.53 1 0
github.com/mastererik/translator/internal/capture/device_list.go:88.21,89.51 1 0
github.com/mastererik/translator/internal/capture/device_list.go:90.10,91.17 1 0
github.com/mastererik/translator/internal/capture/resampler.go:33.100,34.21 1 1
github.com/mastererik/translator/internal/capture/resampler.go:34.21,36.3 1 1
github.com/mastererik/translator/internal/capture/resampler.go:38.2,38.26 1 1
github.com/mastererik/translator/internal/capture/resampler.go:38.26,40.3 1 1
github.com/mastererik/translator/internal/capture/resampler.go:41.2,41.27 1 1
github.com/mastererik/translator/internal/capture/resampler.go:41.27,43.3 1 1
github.com/mastererik/translator/internal/capture/resampler.go:46.2,46.40 1 1
github.com/mastererik/translator/internal/capture/resampler.go:46.40,49.3 1 1
github.com/mastererik/translator/internal/capture/resampler.go:52.2,54.25 3 1
github.com/mastererik/translator/internal/capture/resampler.go:54.25,56.3 1 1
github.com/mastererik/translator/internal/capture/resampler.go:59.2,63.34 3 1
github.com/mastererik/translator/internal/capture/resampler.go:63.34,68.3 3 1
github.com/mastererik/translator/internal/capture/resampler.go:73.2,77.19 3 1
github.com/mastererik/translator/internal/capture/resampler.go:77.19,79.3 1 1
github.com/mastererik/translator/internal/capture/resampler.go:81.2,82.37 2 1
github.com/mastererik/translator/internal/capture/resampler.go:82.37,88.26 4 1
github.com/mastererik/translator/internal/capture/resampler.go:88.26,91.4 1 1
github.com/mastererik/translator/internal/capture/resampler.go:91.9,95.4 2 1
github.com/mastererik/translator/internal/capture/resampler.go:99.2,100.24 2 1
github.com/mastererik/translator/internal/capture/resampler.go:100.24,102.3 1 1
github.com/mastererik/translator/internal/capture/resampler.go:104.2,104.20 1 1
github.com/mastererik/translator/internal/capture/stub.go:18.115,19.30 1 1
github.com/mastererik/translator/internal/capture/stub.go:19.30,21.3 1 0
github.com/mastererik/translator/internal/capture/stub.go:22.2,22.24 1 1
github.com/mastererik/translator/internal/capture/stub.go:22.24,24.3 1 0
github.com/mastererik/translator/internal/capture/stub.go:25.2,30.3 1 1
github.com/mastererik/translator/internal/capture/stub.go:34.88,35.27 1 1
github.com/mastererik/translator/internal/capture/stub.go:35.27,37.3 1 1
github.com/mastererik/translator/internal/capture/stub.go:38.2,38.22 1 1
github.com/mastererik/translator/internal/capture/stub.go:38.22,40.3 1 1
github.com/mastererik/translator/internal/capture/stub.go:42.2,51.12 7 1
github.com/mastererik/translator/internal/capture/stub.go:51.12,55.3 3 1
github.com/mastererik/translator/internal/capture/stub.go:57.2,57.31 1 1
github.com/mastererik/translator/internal/capture/stub.go:60.119,66.6 4 1
github.com/mastererik/translator/internal/capture/stub.go:66.6,67.10 1 1
github.com/mastererik/translator/internal/capture/stub.go:68.21,69.10 1 1
github.com/mastererik/translator/internal/capture/stub.go:70.19,73.11 3 1
github.com/mastererik/translator/internal/capture/stub.go:74.21,74.21 0 1
github.com/mastererik/translator/internal/capture/stub.go:75.22,76.11 1 1
github.com/mastererik/translator/internal/capture/stub.go:77.12,77.12 0 0
github.com/mastererik/translator/internal/ui/overlay.go:31.45,32.20 1 1
github.com/mastererik/translator/internal/ui/overlay.go:32.20,34.3 1 1
github.com/mastererik/translator/internal/ui/overlay.go:35.2,35.21 1 1
github.com/mastererik/translator/internal/ui/overlay.go:35.21,37.3 1 1
github.com/mastererik/translator/internal/ui/overlay.go:38.2,38.23 1 1
github.com/mastererik/translator/internal/ui/overlay.go:38.23,40.3 1 1
github.com/mastererik/translator/internal/ui/overlay.go:41.2,41.23 1 1
github.com/mastererik/translator/internal/ui/overlay.go:41.23,43.3 1 1
github.com/mastererik/translator/internal/ui/overlay.go:44.2,48.3 1 1
github.com/mastererik/translator/internal/ui/overlay.go:53.45,57.18 3 1
github.com/mastererik/translator/internal/ui/overlay.go:58.15,60.45 1 0
github.com/mastererik/translator/internal/ui/overlay.go:60.45,61.37 1 0
github.com/mastererik/translator/internal/ui/overlay.go:61.37,65.5 3 0
github.com/mastererik/translator/internal/ui/overlay.go:67.3,67.39 1 0
github.com/mastererik/translator/internal/ui/overlay.go:69.19,70.30 1 1
github.com/mastererik/translator/internal/ui/overlay.go:70.30,74.4 2 1
github.com/mastererik/translator/internal/ui/overlay.go:74.9,76.46 1 1
github.com/mastererik/translator/internal/ui/overlay.go:76.46,77.79 1 1
github.com/mastererik/translator/internal/ui/overlay.go:77.79,81.6 3 1
github.com/mastererik/translator/internal/ui/overlay.go:83.4,83.40 1 1
github.com/mastererik/translator/internal/ui/overlay.go:86.24,87.45 1 1
github.com/mastererik/translator/internal/ui/overlay.go:87.45,88.46 1 1
github.com/mastererik/translator/internal/ui/overlay.go:88.46,92.5 3 0
github.com/mastererik/translator/internal/ui/overlay.go:94.3,94.39 1 1
github.com/mastererik/translator/internal/ui/overlay.go:96.15,98.39 1 1
github.com/mastererik/translator/internal/ui/overlay.go:100.10,101.39 1 1
github.com/mastererik/translator/internal/ui/overlay.go:104.2,104.18 1 1
github.com/mastererik/translator/internal/ui/overlay.go:107.34,108.25 1 1
github.com/mastererik/translator/internal/ui/overlay.go:108.25,110.3 1 0
github.com/mastererik/translator/internal/ui/overlay.go:113.47,114.44 1 1
github.com/mastererik/translator/internal/ui/overlay.go:114.44,115.77 1 1
github.com/mastererik/translator/internal/ui/overlay.go:115.77,117.4 1 1
github.com/mastererik/translator/internal/ui/overlay.go:121.45,127.2 5 1
github.com/mastererik/translator/internal/ui/overlay.go:131.50,138.24 3 0
github.com/mastererik/translator/internal/ui/overlay.go:138.24,138.42 1 0
github.com/mastererik/translator/internal/ui/overlay.go:140.2,148.6 6 0
github.com/mastererik/translator/internal/ui/overlay.go:148.6,149.10 1 0
github.com/mastererik/translator/internal/ui/overlay.go:150.21,152.8 2 0
github.com/mastererik/translator/internal/ui/overlay.go:152.8,154.44 2 0
github.com/mastererik/translator/internal/ui/overlay.go:154.44,156.6 1 0
github.com/mastererik/translator/internal/ui/overlay.go:158.11,158.11 0 0
github.com/mastererik/translator/internal/ui/overlay.go:161.3,162.26 2 0
github.com/mastererik/translator/internal/ui/overlay.go:163.25,164.16 1 0
github.com/mastererik/translator/internal/ui/overlay.go:165.23,168.20 3 0
github.com/mastererik/translator/internal/ui/overlay.go:173.39,173.55 1 0
github.com/mastererik/translator/internal/ui/overlay.go:174.40,174.41 0 0
github.com/mastererik/translator/internal/ui/overlay.go:178.84,188.18 9 0
github.com/mastererik/translator/internal/ui/overlay.go:188.18,190.3 1 0
github.com/mastererik/translator/internal/ui/overlay.go:191.2,197.59 3 0
github.com/mastererik/translator/internal/ui/overlay.go:197.59,199.4 1 0
github.com/mastererik/translator/internal/ui/overlay.go:201.59,203.4 1 0
github.com/mastererik/translator/internal/ui/overlay.go:206.59,208.4 1 0
github.com/mastererik/translator/internal/ui/overlay.go:210.59,212.4 1 0
github.com/mastererik/translator/internal/ui/overlay.go:215.59,216.19 1 0
github.com/mastererik/translator/internal/ui/overlay.go:216.19,218.5 1 0
github.com/mastererik/translator/internal/ui/overlay.go:219.4,219.46 1 0
github.com/mastererik/translator/internal/ui/overlay.go:222.59,224.4 1 0
github.com/mastererik/translator/internal/ui/overlay.go:227.63,229.4 1 0
github.com/mastererik/translator/internal/ui/overlay.go:232.2,232.53 1 0
github.com/mastererik/translator/internal/ui/overlay.go:235.43,236.44 1 0
github.com/mastererik/translator/internal/ui/overlay.go:236.44,237.36 1 0
github.com/mastererik/translator/internal/ui/overlay.go:237.36,239.4 1 0
github.com/mastererik/translator/internal/ui/overlay.go:241.2,241.20 1 0
github.com/mastererik/translator/internal/ui/overlay.go:244.60,245.44 1 0
github.com/mastererik/translator/internal/ui/overlay.go:245.44,246.77 1 0
github.com/mastererik/translator/internal/ui/overlay.go:246.77,248.4 1 0
github.com/mastererik/translator/internal/ui/overlay.go:250.2,250.27 1 0
github.com/mastererik/translator/internal/ui/overlay.go:253.48,254.44 1 0
github.com/mastererik/translator/internal/ui/overlay.go:254.44,255.77 1 0
github.com/mastererik/translator/internal/ui/overlay.go:255.77,257.4 1 0
github.com/mastererik/translator/internal/ui/overlay.go:259.2,259.27 1 0
github.com/mastererik/translator/internal/ui/overlay.go:262.51,263.44 1 0
github.com/mastererik/translator/internal/ui/overlay.go:263.44,264.79 1 0
github.com/mastererik/translator/internal/ui/overlay.go:264.79,266.4 1 0
github.com/mastererik/translator/internal/ui/overlay.go:268.2,268.27 1 0
github.com/mastererik/translator/internal/ui/overlay.go:271.49,273.31 2 0
github.com/mastererik/translator/internal/ui/overlay.go:273.31,274.24 1 0
github.com/mastererik/translator/internal/ui/overlay.go:274.24,276.4 1 0
github.com/mastererik/translator/internal/ui/overlay.go:278.2,278.12 1 0
github.com/mastererik/translator/internal/ui/overlay.go:284.64,290.2 5 0
github.com/mastererik/translator/internal/ui/overlay.go:292.101,293.20 1 0
github.com/mastererik/translator/internal/ui/overlay.go:293.20,295.3 1 0
github.com/mastererik/translator/internal/ui/overlay.go:296.2,300.26 5 0
github.com/mastererik/translator/internal/ui/overlay.go:303.60,309.2 5 0
github.com/mastererik/translator/internal/ui/overlay.go:313.164,315.93 1 0
github.com/mastererik/translator/internal/ui/overlay.go:315.93,321.3 5 0
github.com/mastererik/translator/internal/ui/overlay.go:323.2,323.18 1 0
github.com/mastererik/translator/internal/ui/overlay.go:323.18,330.3 5 0
github.com/mastererik/translator/internal/ui/overlay.go:332.2,332.36 1 0
github.com/mastererik/translator/internal/ui/overlay.go:332.36,338.3 5 0
github.com/mastererik/translator/internal/ui/overlay.go:340.2,340.28 1 0
github.com/mastererik/translator/internal/ui/overlay.go:343.101,345.14 2 0
github.com/mastererik/translator/internal/ui/overlay.go:345.14,347.3 1 0
github.com/mastererik/translator/internal/ui/overlay.go:348.2,351.86 2 0
github.com/mastererik/translator/internal/ui/overlay.go:351.86,353.3 1 0
github.com/mastererik/translator/internal/ui/overlay.go:355.2,355.34 1 0
github.com/mastererik/translator/internal/ui/overlay.go:355.34,357.87 2 0
github.com/mastererik/translator/internal/ui/overlay.go:357.87,363.4 5 0
github.com/mastererik/translator/internal/ui/overlay.go:365.2,365.68 1 0
github.com/mastererik/translator/internal/ui/overlay.go:370.107,371.23 1 0
github.com/mastererik/translator/internal/ui/overlay.go:371.23,373.3 1 0
github.com/mastererik/translator/internal/ui/overlay.go:375.2,376.14 2 0
github.com/mastererik/translator/internal/ui/overlay.go:376.14,378.3 1 0
github.com/mastererik/translator/internal/ui/overlay.go:380.2,381.90 2 0
github.com/mastererik/translator/internal/ui/overlay.go:381.90,386.60 2 0
github.com/mastererik/translator/internal/ui/overlay.go:386.60,392.5 5 0
github.com/mastererik/translator/internal/ui/overlay.go:393.60,394.28 1 0
github.com/mastererik/translator/internal/ui/overlay.go:394.28,396.6 1 0
github.com/mastererik/translator/internal/ui/overlay.go:397.5,401.25 5 0
github.com/mastererik/translator/internal/ui/overlay.go:409.45,410.16 1 0
github.com/mastererik/translator/internal/ui/overlay.go:411.17,412.49 1 0
github.com/mastererik/translator/internal/ui/overlay.go:413.19,414.49 1 0
github.com/mastererik/translator/internal/ui/overlay.go:415.10,416.47 1 0
github.com/mastererik/translator/internal/ui/overlay.go:420.57,423.2 2 0
github.com/mastererik/translator/internal/ui/overlay.go:425.48,426.26 1 1
github.com/mastererik/translator/internal/ui/overlay.go:426.26,428.3 1 1
github.com/mastererik/translator/internal/ui/overlay.go:429.2,429.13 1 1
github.com/mastererik/translator/internal/ui/window.go:45.37,46.15 1 0
github.com/mastererik/translator/internal/ui/window.go:46.15,48.3 1 0
github.com/mastererik/translator/internal/ui/window.go:51.2,52.18 2 0
github.com/mastererik/translator/internal/ui/window.go:52.18,54.3 1 0
github.com/mastererik/translator/internal/ui/window.go:56.2,59.14 3 0
github.com/mastererik/translator/internal/ui/window.go:59.14,61.3 1 0
github.com/mastererik/translator/internal/ui/window.go:65.2,67.12 2 0
github.com/mastererik/translator/internal/ui/window.go:72.52,74.16 2 0
github.com/mastererik/translator/internal/ui/window.go:74.16,76.3 1 0
github.com/mastererik/translator/internal/ui/window.go:78.2,79.15 2 0
github.com/mastererik/translator/internal/ui/window.go:79.15,81.3 1 0
github.com/mastererik/translator/internal/ui/window.go:83.2,83.18 1 0
github.com/mastererik/translator/internal/stt/gladia.go:122.67,123.22 1 1
github.com/mastererik/translator/internal/stt/gladia.go:123.22,125.3 1 1
github.com/mastererik/translator/internal/stt/gladia.go:126.2,131.3 1 1
github.com/mastererik/translator/internal/stt/gladia.go:139.59,143.21 3 1
github.com/mastererik/translator/internal/stt/gladia.go:143.21,145.3 1 1
github.com/mastererik/translator/internal/stt/gladia.go:147.2,151.16 3 0
github.com/mastererik/translator/internal/stt/gladia.go:151.16,155.3 3 0
github.com/mastererik/translator/internal/stt/gladia.go:158.2,162.16 3 0
github.com/mastererik/translator/internal/stt/gladia.go:162.16,166.3 3 0
github.com/mastererik/translator/internal/stt/gladia.go:167.2,174.12 5 0
github.com/mastererik/translator/internal/stt/gladia.go:179.39,183.21 3 1
github.com/mastererik/translator/internal/stt/gladia.go:183.21,185.3 1 1
github.com/mastererik/translator/internal/stt/gladia.go:187.2,189.21 2 1
github.com/mastererik/translator/internal/stt/gladia.go:189.21,192.3 2 0
github.com/mastererik/translator/internal/stt/gladia.go:194.2,194.12 1 1
github.com/mastererik/translator/internal/stt/gladia.go:198.54,200.2 1 0
github.com/mastererik/translator/internal/stt/gladia.go:203.62,205.2 1 0
github.com/mastererik/translator/internal/stt/gladia.go:209.75,236.16 3 0
github.com/mastererik/translator/internal/stt/gladia.go:236.16,238.3 1 0
github.com/mastererik/translator/internal/stt/gladia.go:240.2,241.16 2 0
github.com/mastererik/translator/internal/stt/gladia.go:241.16,243.3 1 0
github.com/mastererik/translator/internal/stt/gladia.go:244.2,249.16 5 0
github.com/mastererik/translator/internal/stt/gladia.go:249.16,251.3 1 0
github.com/mastererik/translator/internal/stt/gladia.go:252.2,254.43 2 0
github.com/mastererik/translator/internal/stt/gladia.go:254.43,256.3 1 0
github.com/mastererik/translator/internal/stt/gladia.go:258.2,259.69 2 0
github.com/mastererik/translator/internal/stt/gladia.go:259.69,261.3 1 0
github.com/mastererik/translator/internal/stt/gladia.go:263.2,263.24 1 0
github.com/mastererik/translator/internal/stt/gladia.go:263.24,265.3 1 0
github.com/mastererik/translator/internal/stt/gladia.go:267.2,267.26 1 0
github.com/mastererik/translator/internal/stt/gladia.go:272.38,273.15 1 0
github.com/mastererik/translator/internal/stt/gladia.go:273.15,275.22 2 0
github.com/mastererik/translator/internal/stt/gladia.go:275.22,278.4 2 0
github.com/mastererik/translator/internal/stt/gladia.go:279.3,279.16 1 0
github.com/mastererik/translator/internal/stt/gladia.go:282.2,282.6 1 0
github.com/mastererik/translator/internal/stt/gladia.go:282.6,283.10 1 0
github.com/mastererik/translator/internal/stt/gladia.go:284.23,285.10 1 0
github.com/mastererik/translator/internal/stt/gladia.go:286.33,287.11 1 0
github.com/mastererik/translator/internal/stt/gladia.go:287.11,289.5 1 0
github.com/mastererik/translator/internal/stt/gladia.go:291.4,295.19 4 0
github.com/mastererik/translator/internal/stt/gladia.go:295.19,297.5 1 0
github.com/mastererik/translator/internal/stt/gladia.go:299.4,299.84 1 0
github.com/mastererik/translator/internal/stt/gladia.go:299.84,302.5 2 0
github.com/mastererik/translator/internal/stt/gladia.go:304.4,304.76 1 0
github.com/mastererik/translator/internal/stt/gladia.go:304.76,307.5 2 0
github.com/mastererik/translator/internal/stt/gladia.go:314.37,315.15 1 0
github.com/mastererik/translator/internal/stt/gladia.go:315.15,317.22 2 0
github.com/mastererik/translator/internal/stt/gladia.go:317.22,320.4 2 0
github.com/mastererik/translator/internal/stt/gladia.go:321.3,321.16 1 0
github.com/mastererik/translator/internal/stt/gladia.go:324.2,324.6 1 0
github.com/mastererik/translator/internal/stt/gladia.go:324.6,325.10 1 0
github.com/mastererik/translator/internal/stt/gladia.go:326.23,327.10 1 0
github.com/mastererik/translator/internal/stt/gladia.go:328.11,328.11 0 0
github.com/mastererik/translator/internal/stt/gladia.go:331.3,335.18 4 0
github.com/mastererik/translator/internal/stt/gladia.go:335.18,337.4 1 0
github.com/mastererik/translator/internal/stt/gladia.go:339.3,340.17 2 0
github.com/mastererik/translator/internal/stt/gladia.go:340.17,341.102 1 0
github.com/mastererik/translator/internal/stt/gladia.go:341.102,343.5 1 0
github.com/mastererik/translator/internal/stt/gladia.go:343.10,345.5 1 0
github.com/mastererik/translator/internal/stt/gladia.go:346.4,346.10 1 0
github.com/mastererik/translator/internal/stt/gladia.go:349.3,349.26 1 0
github.com/mastererik/translator/internal/stt/gladia.go:359.55,361.54 2 1
github.com/mastererik/translator/internal/stt/gladia.go:361.54,364.3 2 1
github.com/mastererik/translator/internal/stt/gladia.go:366.2,366.18 1 1
github.com/mastererik/translator/internal/stt/gladia.go:367.20,369.57 2 1
github.com/mastererik/translator/internal/stt/gladia.go:369.57,372.4 2 0
github.com/mastererik/translator/internal/stt/gladia.go:374.3,375.17 2 1
github.com/mastererik/translator/internal/stt/gladia.go:375.17,377.4 1 1
github.com/mastererik/translator/internal/stt/gladia.go:379.3,380.19 2 1
github.com/mastererik/translator/internal/stt/gladia.go:380.19,382.4 1 1
github.com/mastererik/translator/internal/stt/gladia.go:384.3,389.5 1 1
github.com/mastererik/translator/internal/stt/gladia.go:391.21,393.57 2 1
github.com/mastererik/translator/internal/stt/gladia.go:393.57,396.4 2 0
github.com/mastererik/translator/internal/stt/gladia.go:398.3,399.17 2 1
github.com/mastererik/translator/internal/stt/gladia.go:399.17,401.4 1 1
github.com/mastererik/translator/internal/stt/gladia.go:403.3,408.5 1 1
github.com/mastererik/translator/internal/stt/gladia.go:410.10,410.10 0 1
github.com/mastererik/translator/internal/stt/gladia.go:417.52,418.9 1 1
github.com/mastererik/translator/internal/stt/gladia.go:419.23,419.23 0 1
github.com/mastererik/translator/internal/stt/gladia.go:420.22,421.117 1 1
github.com/mastererik/translator/internal/stt/gladia.go:422.10,423.113 1 1
github.com/mastererik/translator/internal/pipeline/pipeline.go:97.41,99.31 1 1
github.com/mastererik/translator/internal/pipeline/pipeline.go:99.31,101.3 1 1
github.com/mastererik/translator/internal/pipeline/pipeline.go:102.2,102.28 1 1
github.com/mastererik/translator/internal/pipeline/pipeline.go:102.28,104.3 1 1
github.com/mastererik/translator/internal/pipeline/pipeline.go:107.2,111.21 3 1
github.com/mastererik/translator/internal/pipeline/pipeline.go:111.21,113.3 1 1
github.com/mastererik/translator/internal/pipeline/pipeline.go:114.2,115.22 2 1
github.com/mastererik/translator/internal/pipeline/pipeline.go:115.22,117.3 1 1
github.com/mastererik/translator/internal/pipeline/pipeline.go:118.2,119.20 2 1
github.com/mastererik/translator/internal/pipeline/pipeline.go:119.20,121.3 1 1
github.com/mastererik/translator/internal/pipeline/pipeline.go:123.2,135.22 7 1
github.com/mastererik/translator/internal/pipeline/pipeline.go:135.22,138.17 3 1
github.com/mastererik/translator/internal/pipeline/pipeline.go:138.17,140.4 1 0
github.com/mastererik/translator/internal/pipeline/pipeline.go:144.2,144.46 1 1
github.com/mastererik/translator/internal/pipeline/pipeline.go:144.46,149.17 4 0
github.com/mastererik/translator/internal/pipeline/pipeline.go:149.17,151.4 1 0
github.com/mastererik/translator/internal/pipeline/pipeline.go:154.2,165.15 2 1
github.com/mastererik/translator/internal/pipeline/pipeline.go:175.32,179.45 3 0
github.com/mastererik/translator/internal/pipeline/pipeline.go:179.45,181.3 1 0
github.com/mastererik/translator/internal/pipeline/pipeline.go:182.2,196.12 12 0
github.com/mastererik/translator/internal/pipeline/pipeline.go:208.31,211.41 1 1
github.com/mastererik/translator/internal/pipeline/pipeline.go:211.41,213.3 1 0
github.com/mastererik/translator/internal/pipeline/pipeline.go:217.2,217.27 1 1
github.com/mastererik/translator/internal/pipeline/pipeline.go:217.27,219.3 1 0
github.com/mastererik/translator/internal/pipeline/pipeline.go:222.2,225.22 2 1
github.com/mastererik/translator/internal/pipeline/pipeline.go:225.22,226.43 1 1
github.com/mastererik/translator/internal/pipeline/pipeline.go:226.43,228.4 1 0
github.com/mastererik/translator/internal/pipeline/pipeline.go:231.2,231.40 1 1
github.com/mastererik/translator/internal/pipeline/pipeline.go:240.52,241.23 1 1
github.com/mastererik/translator/internal/pipeline/pipeline.go:241.23,244.3 2 0
github.com/mastererik/translator/internal/pipeline/pipeline.go:246.2,247.16 2 1
github.com/mastererik/translator/internal/pipeline/pipeline.go:247.16,250.3 2 0
github.com/mastererik/translator/internal/pipeline/pipeline.go:252.2,256.41 3 1
github.com/mastererik/translator/internal/pipeline/pipeline.go:256.41,258.3 1 1
github.com/mastererik/translator/internal/pipeline/pipeline.go:260.2,264.12 3 1
github.com/mastererik/translator/internal/pipeline/pipeline.go:264.12,266.7 2 1
github.com/mastererik/translator/internal/pipeline/pipeline.go:266.7,267.11 1 1
github.com/mastererik/translator/internal/pipeline/pipeline.go:268.22,269.11 1 1
github.com/mastererik/translator/internal/pipeline/pipeline.go:270.30,271.12 1 1
github.com/mastererik/translator/internal/pipeline/pipeline.go:271.12,273.6 1 0
github.com/mastererik/translator/internal/pipeline/pipeline.go:275.5,275.21 1 1
github.com/mastererik/translator/internal/pipeline/pipeline.go:275.21,278.13 3 1
github.com/mastererik/translator/internal/pipeline/pipeline.go:279.24,279.24 0 1
github.com/mastererik/translator/internal/pipeline/pipeline.go:280.14,280.14 0 0
github.com/mastererik/translator/internal/pipeline/pipeline.go:284.5,284.12 1 1
github.com/mastererik/translator/internal/pipeline/pipeline.go:285.31,285.31 0 1
github.com/mastererik/translator/internal/pipeline/pipeline.go:286.23,287.12 1 0
github.com/mastererik/translator/internal/pipeline/pipeline.go:288.13,288.13 0 0
github.com/mastererik/translator/internal/pipeline/pipeline.go:295.2,295.18 1 1
github.com/mastererik/translator/internal/pipeline/pipeline.go:295.18,297.13 2 1
github.com/mastererik/translator/internal/pipeline/pipeline.go:297.13,300.4 2 1
github.com/mastererik/translator/internal/pipeline/pipeline.go:304.2,304.12 1 1
github.com/mastererik/translator/internal/pipeline/pipeline.go:304.12,307.3 2 1
github.com/mastererik/translator/internal/pipeline/pipeline.go:309.2,311.67 3 1
github.com/mastererik/translator/internal/pipeline/pipeline.go:315.115,316.6 1 1
github.com/mastererik/translator/internal/pipeline/pipeline.go:316.6,317.10 1 1
github.com/mastererik/translator/internal/pipeline/pipeline.go:318.21,319.10 1 1
github.com/mastererik/translator/internal/pipeline/pipeline.go:320.27,321.11 1 1
github.com/mastererik/translator/internal/pipeline/pipeline.go:321.11,323.5 1 0
github.com/mastererik/translator/internal/pipeline/pipeline.go:324.4,324.11 1 1
github.com/mastererik/translator/internal/pipeline/pipeline.go:325.22,325.22 0 1
github.com/mastererik/translator/internal/pipeline/pipeline.go:326.22,327.11 1 0
github.com/mastererik/translator/internal/pipeline/pipeline.go:328.12,328.12 0 0
github.com/mastererik/translator/internal/pipeline/pipeline.go:336.72,337.6 1 1
github.com/mastererik/translator/internal/pipeline/pipeline.go:337.6,338.10 1 1
github.com/mastererik/translator/internal/pipeline/pipeline.go:339.21,340.10 1 1
github.com/mastererik/translator/internal/pipeline/pipeline.go:341.27,342.11 1 1
github.com/mastererik/translator/internal/pipeline/pipeline.go:342.11,344.5 1 0
github.com/mastererik/translator/internal/pipeline/pipeline.go:345.4,345.65 1 1
github.com/mastererik/translator/internal/pipeline/pipeline.go:345.65,347.5 1 0
github.com/mastererik/translator/internal/pipeline/pipeline.go:362.48,366.6 3 1
github.com/mastererik/translator/internal/pipeline/pipeline.go:366.6,367.10 1 1
github.com/mastererik/translator/internal/pipeline/pipeline.go:368.21,369.10 1 1
github.com/mastererik/translator/internal/pipeline/pipeline.go:370.27,371.11 1 1
github.com/mastererik/translator/internal/pipeline/pipeline.go:371.11,373.5 1 0
github.com/mastererik/translator/internal/pipeline/pipeline.go:375.4,375.26 1 1
github.com/mastererik/translator/internal/pipeline/pipeline.go:375.26,377.13 2 0
github.com/mastererik/translator/internal/pipeline/pipeline.go:381.4,381.24 1 1
github.com/mastererik/translator/internal/pipeline/pipeline.go:381.24,382.33 1 1
github.com/mastererik/translator/internal/pipeline/pipeline.go:382.33,383.50 1 1
github.com/mastererik/translator/internal/pipeline/pipeline.go:383.50,385.7 1 0
github.com/mastererik/translator/internal/pipeline/pipeline.go:390.4,390.31 1 1
github.com/mastererik/translator/internal/pipeline/pipeline.go:398.78,399.42 1 1
github.com/mastererik/translator/internal/pipeline/pipeline.go:399.42,401.10 1 1
github.com/mastererik/translator/internal/pipeline/pipeline.go:402.30,402.30 0 1
github.com/mastererik/translator/internal/pipeline/pipeline.go:403.21,403.21 0 0
github.com/mastererik/translator/internal/pipeline/pipeline.go:405.8,407.10 1 1
github.com/mastererik/translator/internal/pipeline/pipeline.go:408.30,408.30 0 1
github.com/mastererik/translator/internal/pipeline/pipeline.go:409.21,409.21 0 0
github.com/mastererik/translator/internal/pipeline/pipeline.go:410.11,410.11 0 1
github.com/mastererik/translator/internal/pipeline/pipeline.go:429.53,433.15 2 1
github.com/mastererik/translator/internal/pipeline/pipeline.go:433.15,434.28 1 1
github.com/mastererik/translator/internal/pipeline/pipeline.go:434.28,436.4 1 1
github.com/mastererik/translator/internal/pipeline/pipeline.go:440.2,442.6 2 1
github.com/mastererik/translator/internal/pipeline/pipeline.go:442.6,443.10 1 1
github.com/mastererik/translator/internal/pipeline/pipeline.go:444.21,446.10 2 1
github.com/mastererik/translator/internal/pipeline/pipeline.go:448.36,449.11 1 1
github.com/mastererik/translator/internal/pipeline/pipeline.go:449.11,452.5 2 0
github.com/mastererik/translator/internal/pipeline/pipeline.go:454.4,454.11 1 1
github.com/mastererik/translator/internal/pipeline/pipeline.go:455.42,478.25 4 1
github.com/mastererik/translator/internal/pipeline/pipeline.go:478.25,481.80 3 1
github.com/mastererik/translator/internal/pipeline/pipeline.go:481.80,483.7 1 0
github.com/mastererik/translator/internal/pipeline/pipeline.go:486.46,492.7 1 1
github.com/mastererik/translator/internal/pipeline/pipeline.go:494.12,507.42 4 1
github.com/mastererik/translator/internal/pipeline/pipeline.go:507.42,510.6 2 1
github.com/mastererik/translator/internal/pipeline/pipeline.go:518.58,523.16 4 1
github.com/mastererik/translator/internal/pipeline/pipeline.go:523.16,526.3 2 1
github.com/mastererik/translator/internal/pipeline/pipeline.go:529.2,530.29 2 1
github.com/mastererik/translator/internal/pipeline/pipeline.go:530.29,531.42 1 1
github.com/mastererik/translator/internal/pipeline/pipeline.go:531.42,534.4 2 0
github.com/mastererik/translator/internal/pipeline/pipeline.go:535.3,535.30 1 1
github.com/mastererik/translator/internal/pipeline/pipeline.go:538.2,539.23 2 1
github.com/mastererik/translator/internal/pipeline/pipeline.go:539.23,541.3 1 0
github.com/mastererik/translator/internal/pipeline/pipeline.go:543.2,550.105 2 1
github.com/mastererik/translator/internal/pipeline/pipeline.go:555.44,558.29 3 1
github.com/mastererik/translator/internal/pipeline/pipeline.go:558.29,560.20 2 1
github.com/mastererik/translator/internal/pipeline/pipeline.go:560.20,561.12 1 1
github.com/mastererik/translator/internal/pipeline/pipeline.go:564.3,566.18 3 1
github.com/mastererik/translator/internal/pipeline/pipeline.go:566.18,567.12 1 0
github.com/mastererik/translator/internal/pipeline/pipeline.go:569.3,569.31 1 1
github.com/mastererik/translator/internal/pipeline/pipeline.go:571.2,571.20 1 1
github.com/mastererik/translator/internal/pipeline/pipeline.go:571.20,573.3 1 1
github.com/mastererik/translator/internal/pipeline/pipeline.go:574.2,574.14 1 1
github.com/mastererik/translator/internal/pipeline/pipeline.go:583.47,585.43 2 1
github.com/mastererik/translator/internal/pipeline/pipeline.go:585.43,587.3 1 1
github.com/mastererik/translator/internal/translator/engine.go:30.51,36.2 5 1
github.com/mastererik/translator/internal/translator/engine.go:39.52,43.2 3 1
github.com/mastererik/translator/internal/translator/engine.go:65.52,69.2 1 1
github.com/mastererik/translator/internal/translator/engine.go:79.107,93.16 4 1
github.com/mastererik/translator/internal/translator/engine.go:93.16,96.13 2 1
github.com/mastererik/translator/internal/translator/engine.go:96.13,103.21 4 1
github.com/mastererik/translator/internal/translator/engine.go:103.21,106.5 2 1
github.com/mastererik/translator/internal/translator/engine.go:107.4,108.30 2 1
github.com/mastererik/translator/internal/translator/engine.go:112.2,112.20 1 1
github.com/mastererik/translator/internal/translator/engine.go:119.35,121.19 2 1
github.com/mastererik/translator/internal/translator/engine.go:121.19,123.3 1 1
github.com/mastererik/translator/internal/translator/engine.go:126.2,126.36 1 1
github.com/mastererik/translator/internal/translator/engine.go:126.36,128.3 1 1
github.com/mastererik/translator/internal/translator/engine.go:131.2,132.35 2 1
github.com/mastererik/translator/internal/translator/engine.go:132.35,133.35 1 1
github.com/mastererik/translator/internal/translator/engine.go:133.35,135.4 1 1
github.com/mastererik/translator/internal/translator/engine.go:138.2,138.14 1 1
github.com/mastererik/translator/internal/translator/engine.go:142.101,144.2 1 1
github.com/mastererik/translator/internal/translator/engine.go:149.112,151.9 2 1
github.com/mastererik/translator/internal/translator/engine.go:151.9,154.17 2 1
github.com/mastererik/translator/internal/translator/engine.go:154.17,156.4 1 0
github.com/mastererik/translator/internal/translator/engine.go:157.3,158.29 2 1
github.com/mastererik/translator/internal/translator/engine.go:158.29,160.4 1 1
github.com/mastererik/translator/internal/translator/engine.go:161.3,162.17 2 1
github.com/mastererik/translator/internal/translator/engine.go:164.2,164.58 1 1
github.com/mastererik/translator/internal/translator/openai.go:38.82,39.21 1 1
github.com/mastererik/translator/internal/translator/openai.go:39.21,42.63 3 1
github.com/mastererik/translator/internal/translator/openai.go:42.63,45.4 1 0
github.com/mastererik/translator/internal/translator/openai.go:46.3,47.39 2 1
github.com/mastererik/translator/internal/translator/openai.go:49.2,49.30 1 1
github.com/mastererik/translator/internal/translator/openai.go:55.62,57.2 1 0
github.com/mastererik/translator/internal/translator/openai.go:61.44,65.2 3 1
github.com/mastererik/translator/internal/translator/openai.go:73.81,74.17 1 1
github.com/mastererik/translator/internal/translator/openai.go:74.17,76.3 1 1
github.com/mastererik/translator/internal/translator/openai.go:77.2,86.3 4 1
github.com/mastererik/translator/internal/translator/openai.go:91.46,95.2 3 1
github.com/mastererik/translator/internal/translator/openai.go:98.48,99.21 1 1
github.com/mastererik/translator/internal/translator/openai.go:99.21,101.3 1 1
github.com/mastererik/translator/internal/translator/openai.go:102.2,102.10 1 1
github.com/mastererik/translator/internal/translator/openai.go:112.116,135.16 6 1
github.com/mastererik/translator/internal/translator/openai.go:135.16,137.3 1 1
github.com/mastererik/translator/internal/translator/openai.go:139.2,139.28 1 1
github.com/mastererik/translator/internal/translator/openai.go:139.28,141.3 1 1
github.com/mastererik/translator/internal/translator/openai.go:143.2,143.63 1 1
github.com/mastererik/translator/internal/translator/openai.go:149.150,152.52 2 1
github.com/mastererik/translator/internal/translator/openai.go:152.52,154.17 2 1
github.com/mastererik/translator/internal/translator/openai.go:154.17,156.4 1 1
github.com/mastererik/translator/internal/translator/openai.go:158.3,161.29 2 1
github.com/mastererik/translator/internal/translator/openai.go:161.29,163.4 1 1
github.com/mastererik/translator/internal/translator/openai.go:166.3,168.10 2 1
github.com/mastererik/translator/internal/translator/openai.go:169.21,170.88 1 0
github.com/mastererik/translator/internal/translator/openai.go:171.30,171.30 0 1
github.com/mastererik/translator/internal/translator/openai.go:176.2,176.89 1 1
github.com/mastererik/translator/internal/translator/openai.go:182.127,209.16 8 1
github.com/mastererik/translator/internal/translator/openai.go:209.16,212.3 2 0
github.com/mastererik/translator/internal/translator/openai.go:214.2,214.12 1 1
github.com/mastererik/translator/internal/translator/openai.go:214.12,218.7 3 1
github.com/mastererik/translator/internal/translator/openai.go:218.7,220.22 2 1
github.com/mastererik/translator/internal/translator/openai.go:220.22,221.33 1 1
github.com/mastererik/translator/internal/translator/openai.go:221.33,222.11 1 1
github.com/mastererik/translator/internal/translator/openai.go:224.5,224.25 1 1
github.com/mastererik/translator/internal/translator/openai.go:224.25,226.6 1 1
github.com/mastererik/translator/internal/translator/openai.go:227.5,227.12 1 1
github.com/mastererik/translator/internal/translator/openai.go:228.56,228.56 0 1
github.com/mastererik/translator/internal/translator/openai.go:229.23,229.23 0 0
github.com/mastererik/translator/internal/translator/openai.go:231.5,231.11 1 1
github.com/mastererik/translator/internal/translator/openai.go:234.4,234.33 1 1
github.com/mastererik/translator/internal/translator/openai.go:234.33,236.20 2 1
github.com/mastererik/translator/internal/translator/openai.go:236.20,237.13 1 1
github.com/mastererik/translator/internal/translator/openai.go:238.28,238.28 0 1
github.com/mastererik/translator/internal/translator/openai.go:239.24,240.13 1 0
github.com/mastererik/translator/internal/translator/openai.go:247.2,247.21 1 1
github.com/mastererik/translator/internal/translator/openai.go:252.39,253.16 1 1
github.com/mastererik/translator/internal/translator/openai.go:253.16,255.3 1 0
github.com/mastererik/translator/internal/translator/openai.go:256.2,259.48 2 1
github.com/mastererik/translator/internal/translator/openai.go:265.44,269.29 3 1
github.com/mastererik/translator/internal/translator/openai.go:269.29,271.20 2 1
github.com/mastererik/translator/internal/translator/openai.go:271.20,272.12 1 1
github.com/mastererik/translator/internal/translator/openai.go:275.3,276.18 2 1
github.com/mastererik/translator/internal/translator/openai.go:276.18,278.4 1 1
github.com/mastererik/translator/internal/translator/openai.go:281.2,281.20 1 1
github.com/mastererik/translator/internal/translator/openai.go:281.20,283.3 1 1
github.com/mastererik/translator/internal/translator/openai.go:285.2,285.14 1 1
github.com/mastererik/translator/internal/translator/openai.go:290.41,291.30 1 1
github.com/mastererik/translator/internal/translator/openai.go:291.30,292.33 1 1
github.com/mastererik/translator/internal/translator/openai.go:292.33,293.12 1 1
github.com/mastererik/translator/internal/translator/openai.go:295.3,295.44 1 1
github.com/mastererik/translator/internal/translator/openai.go:295.44,296.37 1 1
github.com/mastererik/translator/internal/translator/openai.go:296.37,298.5 1 1
github.com/mastererik/translator/internal/translator/openai.go:299.4,299.13 1 1
github.com/mastererik/translator/internal/translator/openai.go:301.3,301.8 1 1
github.com/mastererik/translator/internal/translator/openai.go:304.2,304.32 1 1
github.com/mastererik/translator/internal/translator/openai.go:304.32,305.15 1 1
github.com/mastererik/translator/internal/translator/openai.go:306.17,307.35 1 1
github.com/mastererik/translator/internal/translator/openai.go:310.2,310.49 1 1
github.com/mastererik/translator/internal/translator/openai.go:310.49,312.3 1 1
github.com/mastererik/translator/internal/translator/openai.go:314.2,314.34 1 1
github.com/mastererik/translator/internal/translator/openai.go:314.34,316.3 1 1
github.com/mastererik/translator/internal/translator/openai.go:317.2,317.16 1 1
github.com/mastererik/translator/internal/translator/openai.go:317.16,319.3 1 0
github.com/mastererik/translator/internal/translator/openai.go:321.2,321.10 1 1
github.com/mastererik/translator/internal/translator/prompts.go:82.67,87.22 3 1
github.com/mastererik/translator/internal/translator/prompts.go:87.22,88.29 1 1
github.com/mastererik/translator/internal/translator/prompts.go:88.29,90.4 1 1
github.com/mastererik/translator/internal/translator/prompts.go:91.8,93.3 1 1
github.com/mastererik/translator/internal/translator/prompts.go:95.2,98.20 3 1
github.com/mastererik/translator/internal/translator/prompts.go:104.66,108.21 3 1
github.com/mastererik/translator/internal/translator/prompts.go:108.21,110.3 1 1
github.com/mastererik/translator/internal/translator/prompts.go:110.8,112.3 1 1
github.com/mastererik/translator/internal/translator/prompts.go:114.2,119.20 4 1
